<?xml version="1.0" encoding="UTF-8"?>
<!-- Generated by org.testng.reporters.JUnitReportReporter -->
<testsuite hostname="PC-20181220MZWC" name="com.course.cases.LoginTest" tests="2" failures="0" timestamp="5 Aug 2022 16:54:01 GMT" time="0.382" errors="0">
  <testcase name="loginFalse" time="0.029" classname="com.course.cases.LoginTest"/>
  <testcase name="loginTrue" time="0.353" classname="com.course.cases.LoginTest"/>
</testsuite> <!-- com.course.cases.LoginTest -->
