<?xml version="1.0" encoding="UTF-8"?>
<!-- Generated by org.testng.reporters.JUnitReportReporter -->
<testsuite hostname="PC-20181220MZWC" name="com.course.cases.AddUserTest" tests="1" failures="0" timestamp="5 Aug 2022 16:54:01 GMT" time="0.038" errors="0">
  <testcase name="addUser" time="0.038" classname="com.course.cases.AddUserTest"/>
</testsuite> <!-- com.course.cases.AddUserTest -->
