<?xml version="1.0" encoding="UTF-8"?>
<!-- Generated by org.testng.reporters.JUnitReportReporter -->
<testsuite hostname="PC-20181220MZWC" name="com.course.cases.GetUserInfoTest" tests="1" failures="0" timestamp="5 Aug 2022 16:54:01 GMT" time="0.175" errors="0">
  <testcase name="getUserInfo" time="0.175" classname="com.course.cases.GetUserInfoTest"/>
</testsuite> <!-- com.course.cases.GetUserInfoTest -->
