<?xml version="1.0" encoding="UTF-8"?>
<testsuite xmlns:xsi="http://www.w3.org/2001/XMLSchema-instance" xsi:noNamespaceSchemaLocation="https://maven.apache.org/surefire/maven-surefire-plugin/xsd/surefire-test-report.xsd" name="TestSuite" time="1.662" tests="4" errors="0" skipped="0" failures="0">
  <properties>
    <property name="sun.desktop" value="windows"/>
    <property name="awt.toolkit" value="sun.awt.windows.WToolkit"/>
    <property name="file.encoding.pkg" value="sun.io"/>
    <property name="java.specification.version" value="1.8"/>
    <property name="sun.cpu.isalist" value="amd64"/>
    <property name="sun.jnu.encoding" value="GBK"/>
    <property name="java.class.path" value="E:\Workspaces\git_test\AutoTest\Chapter12\target\test-classes;E:\Workspaces\git_test\AutoTest\Chapter12\target\classes;D:\RepMaven\org\apache\httpcomponents\httpclient\4.5.12\httpclient-4.5.12.jar;D:\RepMaven\org\apache\httpcomponents\httpcore\4.4.13\httpcore-4.4.13.jar;D:\RepMaven\commons-logging\commons-logging\1.2\commons-logging-1.2.jar;D:\RepMaven\commons-codec\commons-codec\1.11\commons-codec-1.11.jar;D:\RepMaven\org\json\json\20170516\json-20170516.jar;D:\RepMaven\com\alibaba\fastjson\2.0.7\fastjson-2.0.7.jar;D:\RepMaven\com\alibaba\fastjson2\fastjson2-extension\2.0.7\fastjson2-extension-2.0.7.jar;D:\RepMaven\com\alibaba\fastjson2\fastjson2\2.0.7\fastjson2-2.0.7.jar;D:\RepMaven\org\mybatis\mybatis\3.4.4\mybatis-3.4.4.jar;D:\RepMaven\mysql\mysql-connector-java\8.0.23\mysql-connector-java-8.0.23.jar;D:\RepMaven\com\google\protobuf\protobuf-java\3.11.4\protobuf-java-3.11.4.jar;D:\RepMaven\org\projectlombok\lombok\1.18.24\lombok-1.18.24.jar;D:\RepMaven\com\relevantcodes\extentreports\2.41.1\extentreports-2.41.1.jar;D:\RepMaven\org\jsoup\jsoup\1.8.3\jsoup-1.8.3.jar;D:\RepMaven\org\xerial\sqlite-jdbc\3.8.11.1\sqlite-jdbc-3.8.11.1.jar;D:\RepMaven\org\freemarker\freemarker\2.3.23\freemarker-2.3.23.jar;D:\RepMaven\org\mongodb\mongodb-driver\3.0.4\mongodb-driver-3.0.4.jar;D:\RepMaven\org\mongodb\bson\3.0.4\bson-3.0.4.jar;D:\RepMaven\org\mongodb\mongodb-driver-core\3.0.4\mongodb-driver-core-3.0.4.jar;D:\RepMaven\com\vimalselvam\testng-extentsreport\1.3.1\testng-extentsreport-1.3.1.jar;D:\RepMaven\com\google\guava\guava\20.0\guava-20.0.jar;D:\RepMaven\com\aventstack\extentreports\3.0.6\extentreports-3.0.6.jar;D:\RepMaven\org\apache\httpcomponents\httpmime\4.5.2\httpmime-4.5.2.jar;D:\RepMaven\org\testng\testng\6.9.9\testng-6.9.9.jar;D:\RepMaven\junit\junit\4.10\junit-4.10.jar;D:\RepMaven\org\hamcrest\hamcrest-core\1.1\hamcrest-core-1.1.jar;D:\RepMaven\com\beust\jcommander\1.48\jcommander-1.48.jar;D:\RepMaven\org\apache\ant\ant\1.7.0\ant-1.7.0.jar;D:\RepMaven\org\apache\ant\ant-launcher\1.7.0\ant-launcher-1.7.0.jar;D:\RepMaven\org\yaml\snakeyaml\1.15\snakeyaml-1.15.jar;D:\RepMaven\org\beanshell\bsh\2.0b4\bsh-2.0b4.jar;D:\RepMaven\org\springframework\spring-web\5.3.21\spring-web-5.3.21.jar;D:\RepMaven\org\springframework\spring-beans\5.3.21\spring-beans-5.3.21.jar;D:\RepMaven\org\springframework\spring-core\5.3.21\spring-core-5.3.21.jar;D:\RepMaven\org\springframework\spring-jcl\5.3.21\spring-jcl-5.3.21.jar;D:\RepMaven\org\apache\maven\surefire\surefire-testng-utils\2.21.0\surefire-testng-utils-2.21.0.jar;D:\RepMaven\org\apache\maven\surefire\surefire-grouper\2.21.0\surefire-grouper-2.21.0.jar;"/>
    <property name="java.vm.vendor" value="Oracle Corporation"/>
    <property name="sun.arch.data.model" value="64"/>
    <property name="user.variant" value=""/>
    <property name="java.vendor.url" value="http://java.oracle.com/"/>
    <property name="user.timezone" value=""/>
    <property name="java.vm.specification.version" value="1.8"/>
    <property name="os.name" value="Windows 10"/>
    <property name="user.country" value="CN"/>
    <property name="sun.java.launcher" value="SUN_STANDARD"/>
    <property name="sun.boot.library.path" value="D:\java\jdk\jre\bin"/>
    <property name="sun.java.command" value="C:\Users\ADMINI~1\AppData\Local\Temp\surefire3676267163661186065\surefirebooter5296671082231104273.jar C:\Users\Administrator\AppData\Local\Temp\surefire3676267163661186065 2022-08-06T00-53-58_795-jvmRun1 surefire596989093666197410tmp surefire_0335563160707674987tmp"/>
    <property name="surefire.test.class.path" value="E:\Workspaces\git_test\AutoTest\Chapter12\target\test-classes;E:\Workspaces\git_test\AutoTest\Chapter12\target\classes;D:\RepMaven\org\apache\httpcomponents\httpclient\4.5.12\httpclient-4.5.12.jar;D:\RepMaven\org\apache\httpcomponents\httpcore\4.4.13\httpcore-4.4.13.jar;D:\RepMaven\commons-logging\commons-logging\1.2\commons-logging-1.2.jar;D:\RepMaven\commons-codec\commons-codec\1.11\commons-codec-1.11.jar;D:\RepMaven\org\json\json\20170516\json-20170516.jar;D:\RepMaven\com\alibaba\fastjson\2.0.7\fastjson-2.0.7.jar;D:\RepMaven\com\alibaba\fastjson2\fastjson2-extension\2.0.7\fastjson2-extension-2.0.7.jar;D:\RepMaven\com\alibaba\fastjson2\fastjson2\2.0.7\fastjson2-2.0.7.jar;D:\RepMaven\org\mybatis\mybatis\3.4.4\mybatis-3.4.4.jar;D:\RepMaven\mysql\mysql-connector-java\8.0.23\mysql-connector-java-8.0.23.jar;D:\RepMaven\com\google\protobuf\protobuf-java\3.11.4\protobuf-java-3.11.4.jar;D:\RepMaven\org\projectlombok\lombok\1.18.24\lombok-1.18.24.jar;D:\RepMaven\com\relevantcodes\extentreports\2.41.1\extentreports-2.41.1.jar;D:\RepMaven\org\jsoup\jsoup\1.8.3\jsoup-1.8.3.jar;D:\RepMaven\org\xerial\sqlite-jdbc\3.8.11.1\sqlite-jdbc-3.8.11.1.jar;D:\RepMaven\org\freemarker\freemarker\2.3.23\freemarker-2.3.23.jar;D:\RepMaven\org\mongodb\mongodb-driver\3.0.4\mongodb-driver-3.0.4.jar;D:\RepMaven\org\mongodb\bson\3.0.4\bson-3.0.4.jar;D:\RepMaven\org\mongodb\mongodb-driver-core\3.0.4\mongodb-driver-core-3.0.4.jar;D:\RepMaven\com\vimalselvam\testng-extentsreport\1.3.1\testng-extentsreport-1.3.1.jar;D:\RepMaven\com\google\guava\guava\20.0\guava-20.0.jar;D:\RepMaven\com\aventstack\extentreports\3.0.6\extentreports-3.0.6.jar;D:\RepMaven\org\apache\httpcomponents\httpmime\4.5.2\httpmime-4.5.2.jar;D:\RepMaven\org\testng\testng\6.9.9\testng-6.9.9.jar;D:\RepMaven\junit\junit\4.10\junit-4.10.jar;D:\RepMaven\org\hamcrest\hamcrest-core\1.1\hamcrest-core-1.1.jar;D:\RepMaven\com\beust\jcommander\1.48\jcommander-1.48.jar;D:\RepMaven\org\apache\ant\ant\1.7.0\ant-1.7.0.jar;D:\RepMaven\org\apache\ant\ant-launcher\1.7.0\ant-launcher-1.7.0.jar;D:\RepMaven\org\yaml\snakeyaml\1.15\snakeyaml-1.15.jar;D:\RepMaven\org\beanshell\bsh\2.0b4\bsh-2.0b4.jar;D:\RepMaven\org\springframework\spring-web\5.3.21\spring-web-5.3.21.jar;D:\RepMaven\org\springframework\spring-beans\5.3.21\spring-beans-5.3.21.jar;D:\RepMaven\org\springframework\spring-core\5.3.21\spring-core-5.3.21.jar;D:\RepMaven\org\springframework\spring-jcl\5.3.21\spring-jcl-5.3.21.jar;D:\RepMaven\org\apache\maven\surefire\surefire-testng-utils\2.21.0\surefire-testng-utils-2.21.0.jar;D:\RepMaven\org\apache\maven\surefire\surefire-grouper\2.21.0\surefire-grouper-2.21.0.jar;"/>
    <property name="sun.cpu.endian" value="little"/>
    <property name="user.home" value="C:\Users\Administrator"/>
    <property name="user.language" value="zh"/>
    <property name="java.specification.vendor" value="Oracle Corporation"/>
    <property name="java.home" value="D:\java\jdk\jre"/>
    <property name="basedir" value="E:\Workspaces\git_test\AutoTest\Chapter12"/>
    <property name="file.separator" value="\"/>
    <property name="line.separator" value="&#10;"/>
    <property name="java.vm.specification.vendor" value="Oracle Corporation"/>
    <property name="java.specification.name" value="Java Platform API Specification"/>
    <property name="java.awt.graphicsenv" value="sun.awt.Win32GraphicsEnvironment"/>
    <property name="surefire.real.class.path" value="C:\Users\ADMINI~1\AppData\Local\Temp\surefire3676267163661186065\surefirebooter5296671082231104273.jar"/>
    <property name="sun.boot.class.path" value="D:\java\jdk\jre\lib\resources.jar;D:\java\jdk\jre\lib\rt.jar;D:\java\jdk\jre\lib\sunrsasign.jar;D:\java\jdk\jre\lib\jsse.jar;D:\java\jdk\jre\lib\jce.jar;D:\java\jdk\jre\lib\charsets.jar;D:\java\jdk\jre\lib\jfr.jar;D:\java\jdk\jre\classes"/>
    <property name="user.script" value=""/>
    <property name="sun.management.compiler" value="HotSpot 64-Bit Tiered Compilers"/>
    <property name="java.runtime.version" value="1.8.0_181-b13"/>
    <property name="user.name" value="Administrator"/>
    <property name="path.separator" value=";"/>
    <property name="os.version" value="10.0"/>
    <property name="java.endorsed.dirs" value="D:\java\jdk\jre\lib\endorsed"/>
    <property name="java.runtime.name" value="Java(TM) SE Runtime Environment"/>
    <property name="file.encoding" value="GBK"/>
    <property name="java.vm.name" value="Java HotSpot(TM) 64-Bit Server VM"/>
    <property name="localRepository" value="D:\RepMaven"/>
    <property name="java.vendor.url.bug" value="http://bugreport.sun.com/bugreport/"/>
    <property name="java.io.tmpdir" value="C:\Users\ADMINI~1\AppData\Local\Temp\"/>
    <property name="java.version" value="1.8.0_181"/>
    <property name="user.dir" value="E:\Workspaces\git_test\AutoTest\Chapter12"/>
    <property name="os.arch" value="amd64"/>
    <property name="java.vm.specification.name" value="Java Virtual Machine Specification"/>
    <property name="java.awt.printerjob" value="sun.awt.windows.WPrinterJob"/>
    <property name="sun.os.patch.level" value=""/>
    <property name="java.library.path" value="D:\java\jdk\jre\bin;C:\Windows\Sun\Java\bin;C:\Windows\system32;C:\Windows;D:\Program Files\Python39\Scripts\;D:\Program Files\Python39\;C:\Program Files (x86)\Common Files\Oracle\Java\javapath;D:\Program Files (x86)\;D:\java\jdk\bin;C:\Windows\system32;C:\Windows;C:\Windows\System32\Wbem;C:\Windows\System32\WindowsPowerShell\v1.0\;D:\Program Files (x86)\MySQL\MySQL Server 5.5\bin;D:\Program Files\Git\cmd;D:\svn\bin;D:\reader\;C:\Program Files (x86)\HP\LoadRunner\strawberry-perl\perl\bin;D:\DevInstall\apache-maven-3.8.1\bin;C:\Users\Administrator\AppData\Local\Microsoft\WindowsApps;;%IntelliJ IDEA%;D:\idea\IntelliJ IDEA Community Edition 2022.1.3\bin;;D:\OpenSSL-Win64\bin;;."/>
    <property name="java.vm.info" value="mixed mode"/>
    <property name="java.vendor" value="Oracle Corporation"/>
    <property name="java.vm.version" value="25.181-b13"/>
    <property name="java.ext.dirs" value="D:\java\jdk\jre\lib\ext;C:\Windows\Sun\Java\lib\ext"/>
    <property name="sun.io.unicode.encoding" value="UnicodeLittle"/>
    <property name="java.class.version" value="52.0"/>
  </properties>
  <testcase name="loginTrue" classname="com.course.cases.LoginTest" time="0.353"/>
  <testcase name="loginFalse" classname="com.course.cases.LoginTest" time="0.029"/>
  <testcase name="addUser" classname="com.course.cases.AddUserTest" time="0.038"/>
  <testcase name="getUserInfo" classname="com.course.cases.GetUserInfoTest" time="0.175"/>
</testsuite>